c:\kwt\minty\minty\x64\debug\vc143.pdb
c:\kwt\minty\minty\x64\debug\vc143.idb
c:\kwt\minty\minty\x64\debug\themes.obj
c:\kwt\minty\minty\x64\debug\main.obj
c:\kwt\minty\minty\x64\debug\funcs.obj
c:\kwt\minty\minty\x64\debug\kiero.obj
c:\kwt\minty\minty\x64\debug\imgui_widgets.obj
c:\kwt\minty\minty\x64\debug\imgui_tables.obj
c:\kwt\minty\minty\x64\debug\imgui_impl_win32.obj
c:\kwt\minty\minty\x64\debug\imgui_impl_dx11.obj
c:\kwt\minty\minty\x64\debug\imgui_draw.obj
c:\kwt\minty\minty\x64\debug\imgui_demo.obj
c:\kwt\minty\minty\x64\debug\imgui.obj
c:\kwt\minty\minty\x64\debug\trampoline.obj
c:\kwt\minty\minty\x64\debug\hook.obj
c:\kwt\minty\minty\x64\debug\hde64.obj
c:\kwt\minty\minty\x64\debug\hde32.obj
c:\kwt\minty\minty\x64\debug\buffer.obj
c:\kwt\minty\x64\debug\minty.dll
c:\kwt\minty\minty\x64\debug\minty.ilk
c:\kwt\minty\x64\debug\minty.pdb
c:\kwt\minty\minty\x64\debug\minhook.res
c:\kwt\minty\minty\x64\debug\minty.tlog\cl.command.1.tlog
c:\kwt\minty\minty\x64\debug\minty.tlog\cl.read.1.tlog
c:\kwt\minty\minty\x64\debug\minty.tlog\cl.write.1.tlog
c:\kwt\minty\minty\x64\debug\minty.tlog\link.command.1.tlog
c:\kwt\minty\minty\x64\debug\minty.tlog\link.read.1.tlog
c:\kwt\minty\minty\x64\debug\minty.tlog\link.write.1.tlog
c:\kwt\minty\minty\x64\debug\minty.tlog\rc.command.1.tlog
c:\kwt\minty\minty\x64\debug\minty.tlog\rc.read.1.tlog
c:\kwt\minty\minty\x64\debug\minty.tlog\rc.write.1.tlog
